#
# There is insufficient memory for the Java Runtime Environment to continue.
# Native memory allocation (malloc) failed to allocate 73400320 bytes for committing reserved memory.
# Possible reasons:
#   The system is out of physical RAM or swap space
#   In 32 bit mode, the process size limit was hit
# Possible solutions:
#   Reduce memory load on the system
#   Increase physical memory or swap space
#   Check if swap backing store is full
#   Use 64 bit Java on a 64 bit OS
#   Decrease Java heap size (-Xmx/-Xms)
#   Decrease number of Java threads
#   Decrease Java thread stack sizes (-Xss)
#   Set larger code cache with -XX:ReservedCodeCacheSize=
# This output file may be truncated or incomplete.
#
#  Out of Memory Error (os_linux.cpp:2809), pid=6965, tid=140124328793856
#
# JRE version: OpenJDK Runtime Environment (7.0_79-b14) (build 1.7.0_79-b14)
# Java VM: OpenJDK 64-Bit Server VM (24.79-b02 mixed mode linux-amd64 compressed oops)
# Derivative: IcedTea 2.5.5
# Distribution: Ubuntu Vivid Vervet (development branch), package 7u79-2.5.5-0ubuntu1
# Failed to write core dump. Core dumps have been disabled. To enable core dumping, try "ulimit -c unlimited" before starting Java again
#

---------------  T H R E A D  ---------------

Current thread (0x00007f71480f9800):  VMThread [stack: 0x00007f713cc79000,0x00007f713cd7a000] [id=6973]

Stack: [0x00007f713cc79000,0x00007f713cd7a000],  sp=0x00007f713cd784e0,  free space=1021k
Native frames: (J=compiled Java code, j=interpreted, Vv=VM code, C=native code)
V  [libjvm.so+0x98a0f6]  VMError::report_and_die()+0x186
V  [libjvm.so+0x48f8e2]  report_vm_out_of_memory(char const*, int, unsigned long, char const*)+0x92
V  [libjvm.so+0x7fd51b]  os::pd_commit_memory(char*, unsigned long, unsigned long, bool)+0xeb
V  [libjvm.so+0x7f7bfe]  os::commit_memory(char*, unsigned long, unsigned long, bool)+0x2e
V  [libjvm.so+0x86a51b]  PSVirtualSpace::expand_by(unsigned long)+0x5b
V  [libjvm.so+0x86b3c3]  PSYoungGen::resize_generation(unsigned long, unsigned long)+0xd3
V  [libjvm.so+0x86badb]  PSYoungGen::resize(unsigned long, unsigned long)+0x1b
V  [libjvm.so+0x8674e9]  PSScavenge::invoke_no_policy()+0xdc9
V  [libjvm.so+0x867cc8]  PSScavenge::invoke()+0x38
V  [libjvm.so+0x81fb23]  ParallelScavengeHeap::failed_mem_allocate(unsigned long)+0x63
V  [libjvm.so+0x98b9c2]  VM_ParallelGCFailedAllocation::doit()+0x92
V  [libjvm.so+0x990277]  VM_Operation::evaluate()+0x47
V  [libjvm.so+0x98e85b]  VMThread::evaluate_operation(VM_Operation*)+0xab
V  [libjvm.so+0x98ef06]  VMThread::loop()+0x1e6
V  [libjvm.so+0x98f3d1]  VMThread::run()+0x81
V  [libjvm.so+0x7fa442]  java_start(Thread*)+0xf2

VM_Operation (0x00007f714ee60800): ParallelGCFailedAllocation, mode: safepoint, requested by thread 0x00007f714800b000


---------------  P R O C E S S  ---------------

Java Threads: ( => current thread )
  0x00007f7148226800 JavaThread "pool-1-thread-4" [_thread_blocked, id=6985, stack(0x00007f7125609000,0x00007f712570a000)]
  0x00007f7148225000 JavaThread "pool-1-thread-3" [_thread_blocked, id=6984, stack(0x00007f712570a000,0x00007f712580b000)]
  0x00007f7148222800 JavaThread "pool-1-thread-2" [_thread_blocked, id=6983, stack(0x00007f712580b000,0x00007f712590c000)]
  0x00007f7148221000 JavaThread "pool-2-thread-1" [_thread_blocked, id=6982, stack(0x00007f712590c000,0x00007f7125a0d000)]
  0x00007f714821f800 JavaThread "pool-1-thread-1" [_thread_blocked, id=6981, stack(0x00007f7125a0d000,0x00007f7125b0e000)]
  0x00007f714818f800 JavaThread "Service Thread" daemon [_thread_blocked, id=6979, stack(0x00007f71276d4000,0x00007f71277d5000)]
  0x00007f7148186000 JavaThread "C2 CompilerThread1" daemon [_thread_in_native, id=6978, stack(0x00007f71277d5000,0x00007f71278d6000)]
  0x00007f7148184800 JavaThread "C2 CompilerThread0" daemon [_thread_in_native, id=6977, stack(0x00007f71278d6000,0x00007f71279d7000)]
  0x00007f714812d000 JavaThread "Signal Dispatcher" daemon [_thread_blocked, id=6976, stack(0x00007f713c57c000,0x00007f713c67d000)]
  0x00007f7148100000 JavaThread "Finalizer" daemon [_thread_blocked, id=6975, stack(0x00007f713ca77000,0x00007f713cb78000)]
  0x00007f71480fe000 JavaThread "Reference Handler" daemon [_thread_blocked, id=6974, stack(0x00007f713cb78000,0x00007f713cc79000)]
  0x00007f714800b000 JavaThread "main" [_thread_blocked, id=6969, stack(0x00007f714ed62000,0x00007f714ee63000)]

Other Threads:
=>0x00007f71480f9800 VMThread [stack: 0x00007f713cc79000,0x00007f713cd7a000] [id=6973]
  0x00007f714819a000 WatcherThread [stack: 0x00007f71275d3000,0x00007f71276d4000] [id=6980]

VM state:at safepoint (normal execution)

VM Mutex/Monitor currently owned by a thread:  ([mutex/lock_event])
[0x00007f71480079c0] Threads_lock - owner thread: 0x00007f71480f9800
[0x00007f7148007ec0] Heap_lock - owner thread: 0x00007f714800b000

Heap
 PSYoungGen      total 71680K, used 9205K [0x00000000eaa80000, 0x00000000efa80000, 0x0000000100000000)
  eden space 62464K, 0% used [0x00000000eaa80000,0x00000000eaa80000,0x00000000ee780000)
  from space 9216K, 99% used [0x00000000ee780000,0x00000000ef07d7b8,0x00000000ef080000)
  to   space 8192K, 0% used [0x00000000ef080000,0x00000000ef080000,0x00000000ef880000)
 ParOldGen       total 41472K, used 21233K [0x00000000c0000000, 0x00000000c2880000, 0x00000000eaa80000)
  object space 41472K, 51% used [0x00000000c0000000,0x00000000c14bc588,0x00000000c2880000)
 PSPermGen       total 21504K, used 6221K [0x00000000b5a00000, 0x00000000b6f00000, 0x00000000c0000000)
  object space 21504K, 28% used [0x00000000b5a00000,0x00000000b60136a0,0x00000000b6f00000)

Card table byte_map: [0x00007f7144367000,0x00007f71445bb000] byte_map_base: 0x00007f7143dba000

Polling page: 0x00007f714ee8f000

Code Cache  [0x00007f71445bb000, 0x00007f714482b000, 0x00007f71475bb000)
 total_blobs=497 nmethods=265 adapters=186 free_code_cache=48025Kb largest_free_block=49143040

Compilation events (10 events):
Event: 11.258 Thread 0x00007f7148186000 nmethod 261 0x00007f71446d80d0 code [0x00007f71446d8380, 0x00007f71446d94c0]
Event: 11.258 Thread 0x00007f7148186000  262             com.android.dx.util.IntList::contains (14 bytes)
Event: 11.284 Thread 0x00007f7148186000 nmethod 262 0x00007f71446cd950 code [0x00007f71446cdaa0, 0x00007f71446cdc78]
Event: 11.284 Thread 0x00007f7148186000  263             com.android.dx.rop.code.LocalItem::compareTo (32 bytes)
Event: 11.286 Thread 0x00007f7148186000 nmethod 263 0x00007f7144651a10 code [0x00007f7144651b60, 0x00007f7144651e38]
Event: 11.286 Thread 0x00007f7148186000  264             com.android.dx.ssa.SsaBasicBlock::getCountPhiInsns (45 bytes)
Event: 11.307 Thread 0x00007f7148186000 nmethod 264 0x00007f7144651550 code [0x00007f71446516a0, 0x00007f7144651898]
Event: 11.307 Thread 0x00007f7148186000  265             com.android.dx.ssa.SsaBasicBlock::forEachPhiInsn (54 bytes)
Event: 11.405 Thread 0x00007f7148186000 nmethod 265 0x00007f71446db810 code [0x00007f71446dba40, 0x00007f71446dc310]
Event: 11.405 Thread 0x00007f7148186000  266             com.android.dx.ssa.SsaMethod::forEachBlockDepthFirstDom (128 bytes)

GC Heap History (10 events):
Event: 3.737 GC heap after
Heap after GC invocations=2 (full 0):
 PSYoungGen      total 18432K, used 2529K [0x00000000eaa80000, 0x00000000ece80000, 0x0000000100000000)
  eden space 15872K, 0% used [0x00000000eaa80000,0x00000000eaa80000,0x00000000eba00000)
  from space 2560K, 98% used [0x00000000ebc80000,0x00000000ebef8400,0x00000000ebf00000)
  to   space 2560K, 0% used [0x00000000eba00000,0x00000000eba00000,0x00000000ebc80000)
 ParOldGen       total 41472K, used 3131K [0x00000000c0000000, 0x00000000c2880000, 0x00000000eaa80000)
  object space 41472K, 7% used [0x00000000c0000000,0x00000000c030ef90,0x00000000c2880000)
 PSPermGen       total 21504K, used 5995K [0x00000000b5a00000, 0x00000000b6f00000, 0x00000000c0000000)
  object space 21504K, 27% used [0x00000000b5a00000,0x00000000b5fdace8,0x00000000b6f00000)
}
Event: 4.786 GC heap before
{Heap before GC invocations=3 (full 0):
 PSYoungGen      total 18432K, used 18401K [0x00000000eaa80000, 0x00000000ece80000, 0x0000000100000000)
  eden space 15872K, 100% used [0x00000000eaa80000,0x00000000eba00000,0x00000000eba00000)
  from space 2560K, 98% used [0x00000000ebc80000,0x00000000ebef8400,0x00000000ebf00000)
  to   space 2560K, 0% used [0x00000000eba00000,0x00000000eba00000,0x00000000ebc80000)
 ParOldGen       total 41472K, used 3131K [0x00000000c0000000, 0x00000000c2880000, 0x00000000eaa80000)
  object space 41472K, 7% used [0x00000000c0000000,0x00000000c030ef90,0x00000000c2880000)
 PSPermGen       total 21504K, used 6066K [0x00000000b5a00000, 0x00000000b6f00000, 0x00000000c0000000)
  object space 21504K, 28% used [0x00000000b5a00000,0x00000000b5fec990,0x00000000b6f00000)
Event: 4.821 GC heap after
Heap after GC invocations=3 (full 0):
 PSYoungGen      total 18432K, used 2544K [0x00000000eaa80000, 0x00000000ece80000, 0x0000000100000000)
  eden space 15872K, 0% used [0x00000000eaa80000,0x00000000eaa80000,0x00000000eba00000)
  from space 2560K, 99% used [0x00000000eba00000,0x00000000ebc7c010,0x00000000ebc80000)
  to   space 2560K, 0% used [0x00000000ecc00000,0x00000000ecc00000,0x00000000ece80000)
 ParOldGen       total 41472K, used 5766K [0x00000000c0000000, 0x00000000c2880000, 0x00000000eaa80000)
  object space 41472K, 13% used [0x00000000c0000000,0x00000000c05a1808,0x00000000c2880000)
 PSPermGen       total 21504K, used 6066K [0x00000000b5a00000, 0x00000000b6f00000, 0x00000000c0000000)
  object space 21504K, 28% used [0x00000000b5a00000,0x00000000b5fec990,0x00000000b6f00000)
}
Event: 6.032 GC heap before
{Heap before GC invocations=4 (full 0):
 PSYoungGen      total 18432K, used 18416K [0x00000000eaa80000, 0x00000000ece80000, 0x0000000100000000)
  eden space 15872K, 100% used [0x00000000eaa80000,0x00000000eba00000,0x00000000eba00000)
  from space 2560K, 99% used [0x00000000eba00000,0x00000000ebc7c010,0x00000000ebc80000)
  to   space 2560K, 0% used [0x00000000ecc00000,0x00000000ecc00000,0x00000000ece80000)
 ParOldGen       total 41472K, used 5766K [0x00000000c0000000, 0x00000000c2880000, 0x00000000eaa80000)
  object space 41472K, 13% used [0x00000000c0000000,0x00000000c05a1808,0x00000000c2880000)
 PSPermGen       total 21504K, used 6110K [0x00000000b5a00000, 0x00000000b6f00000, 0x00000000c0000000)
  object space 21504K, 28% used [0x00000000b5a00000,0x00000000b5ff79a0,0x00000000b6f00000)
Event: 6.077 GC heap after
Heap after GC invocations=4 (full 0):
 PSYoungGen      total 34304K, used 2544K [0x00000000eaa80000, 0x00000000ece80000, 0x0000000100000000)
  eden space 31744K, 0% used [0x00000000eaa80000,0x00000000eaa80000,0x00000000ec980000)
  from space 2560K, 99% used [0x00000000ecc00000,0x00000000ece7c310,0x00000000ece80000)
  to   space 2560K, 0% used [0x00000000ec980000,0x00000000ec980000,0x00000000ecc00000)
 ParOldGen       total 41472K, used 8591K [0x00000000c0000000, 0x00000000c2880000, 0x00000000eaa80000)
  object space 41472K, 20% used [0x00000000c0000000,0x00000000c0863d90,0x00000000c2880000)
 PSPermGen       total 21504K, used 6110K [0x00000000b5a00000, 0x00000000b6f00000, 0x00000000c0000000)
  object space 21504K, 28% used [0x00000000b5a00000,0x00000000b5ff79a0,0x00000000b6f00000)
}
Event: 7.641 GC heap before
{Heap before GC invocations=5 (full 0):
 PSYoungGen      total 34304K, used 34288K [0x00000000eaa80000, 0x00000000ece80000, 0x0000000100000000)
  eden space 31744K, 100% used [0x00000000eaa80000,0x00000000ec980000,0x00000000ec980000)
  from space 2560K, 99% used [0x00000000ecc00000,0x00000000ece7c310,0x00000000ece80000)
  to   space 2560K, 0% used [0x00000000ec980000,0x00000000ec980000,0x00000000ecc00000)
 ParOldGen       total 41472K, used 8591K [0x00000000c0000000, 0x00000000c2880000, 0x00000000eaa80000)
  object space 41472K, 20% used [0x00000000c0000000,0x00000000c0863d90,0x00000000c2880000)
 PSPermGen       total 21504K, used 6154K [0x00000000b5a00000, 0x00000000b6f00000, 0x00000000c0000000)
  object space 21504K, 28% used [0x00000000b5a00000,0x00000000b6002a68,0x00000000b6f00000)
Event: 7.743 GC heap after
Heap after GC invocations=5 (full 0):
 PSYoungGen      total 34304K, used 2549K [0x00000000eaa80000, 0x00000000ef880000, 0x0000000100000000)
  eden space 31744K, 0% used [0x00000000eaa80000,0x00000000eaa80000,0x00000000ec980000)
  from space 2560K, 99% used [0x00000000ec980000,0x00000000ecbfd6a0,0x00000000ecc00000)
  to   space 8192K, 0% used [0x00000000ef080000,0x00000000ef080000,0x00000000ef880000)
 ParOldGen       total 41472K, used 13852K [0x00000000c0000000, 0x00000000c2880000, 0x00000000eaa80000)
  object space 41472K, 33% used [0x00000000c0000000,0x00000000c0d87040,0x00000000c2880000)
 PSPermGen       total 21504K, used 6154K [0x00000000b5a00000, 0x00000000b6f00000, 0x00000000c0000000)
  object space 21504K, 28% used [0x00000000b5a00000,0x00000000b6002a68,0x00000000b6f00000)
}
Event: 9.305 GC heap before
{Heap before GC invocations=6 (full 0):
 PSYoungGen      total 34304K, used 34293K [0x00000000eaa80000, 0x00000000ef880000, 0x0000000100000000)
  eden space 31744K, 100% used [0x00000000eaa80000,0x00000000ec980000,0x00000000ec980000)
  from space 2560K, 99% used [0x00000000ec980000,0x00000000ecbfd6a0,0x00000000ecc00000)
  to   space 8192K, 0% used [0x00000000ef080000,0x00000000ef080000,0x00000000ef880000)
 ParOldGen       total 41472K, used 13852K [0x00000000c0000000, 0x00000000c2880000, 0x00000000eaa80000)
  object space 41472K, 33% used [0x00000000c0000000,0x00000000c0d87040,0x00000000c2880000)
 PSPermGen       total 21504K, used 6179K [0x00000000b5a00000, 0x00000000b6f00000, 0x00000000c0000000)
  object space 21504K, 28% used [0x00000000b5a00000,0x00000000b6008fc8,0x00000000b6f00000)
Event: 9.392 GC heap after
Heap after GC invocations=6 (full 0):
 PSYoungGen      total 70656K, used 7797K [0x00000000eaa80000, 0x00000000efa80000, 0x0000000100000000)
  eden space 62464K, 0% used [0x00000000eaa80000,0x00000000eaa80000,0x00000000ee780000)
  from space 8192K, 95% used [0x00000000ef080000,0x00000000ef81d7b8,0x00000000ef880000)
  to   space 9216K, 0% used [0x00000000ee780000,0x00000000ee780000,0x00000000ef080000)
 ParOldGen       total 41472K, used 13852K [0x00000000c0000000, 0x00000000c2880000, 0x00000000eaa80000)
  object space 41472K, 33% used [0x00000000c0000000,0x00000000c0d87040,0x00000000c2880000)
 PSPermGen       total 21504K, used 6179K [0x00000000b5a00000, 0x00000000b6f00000, 0x00000000c0000000)
  object space 21504K, 28% used [0x00000000b5a00000,0x00000000b6008fc8,0x00000000b6f00000)
}
Event: 12.464 GC heap before
{Heap before GC invocations=7 (full 0):
 PSYoungGen      total 70656K, used 70261K [0x00000000eaa80000, 0x00000000efa80000, 0x0000000100000000)
  eden space 62464K, 100% used [0x00000000eaa80000,0x00000000ee780000,0x00000000ee780000)
  from space 8192K, 95% used [0x00000000ef080000,0x00000000ef81d7b8,0x00000000ef880000)
  to   space 9216K, 0% used [0x00000000ee780000,0x00000000ee780000,0x00000000ef080000)
 ParOldGen       total 41472K, used 13852K [0x00000000c0000000, 0x00000000c2880000, 0x00000000eaa80000)
  object space 41472K, 33% used [0x00000000c0000000,0x00000000c0d87040,0x00000000c2880000)
 PSPermGen       total 21504K, used 6221K [0x00000000b5a00000, 0x00000000b6f00000, 0x00000000c0000000)
  object space 21504K, 28% used [0x00000000b5a00000,0x00000000b60136a0,0x00000000b6f00000)

Deoptimization events (10 events):
Event: 3.115 Thread 0x00007f714821f800 Uncommon trap: reason=class_check action=maybe_recompile pc=0x00007f714464cfbc method=com.android.dx.rop.type.Type.equals(Ljava/lang/Object;)Z @ 8
Event: 3.115 Thread 0x00007f714821f800 Uncommon trap: reason=class_check action=maybe_recompile pc=0x00007f714464cfbc method=com.android.dx.rop.type.Type.equals(Ljava/lang/Object;)Z @ 8
Event: 3.327 Thread 0x00007f714800b000 Uncommon trap: reason=null_check action=make_not_entrant pc=0x00007f7144651e80 method=com.android.dx.rop.type.Type.putIntern(Lcom/android/dx/rop/type/Type;)Lcom/android/dx/rop/type/Type; @ 18
Event: 4.649 Thread 0x00007f7148222800 Uncommon trap: reason=unreached action=reinterpret pc=0x00007f714463ca44 method=com.android.dx.rop.cst.Constant.compareTo(Lcom/android/dx/rop/cst/Constant;)I @ 12
Event: 7.833 Thread 0x00007f7148225000 Uncommon trap: reason=unreached action=reinterpret pc=0x00007f714468ace4 method=com.android.dx.ssa.LocalVariableExtractor.processBlock(I)V @ 251
Event: 8.535 Thread 0x00007f714800b000 Uncommon trap: reason=unreached action=reinterpret pc=0x00007f71446af920 method=com.android.dx.ssa.SCCP.simulateBranch(Lcom/android/dx/ssa/SsaInsn;)V @ 132
Event: 8.556 Thread 0x00007f714800b000 Uncommon trap: reason=unreached action=reinterpret pc=0x00007f714468660c method=com.android.dx.ssa.SsaMethod.updateOneDefinition(Lcom/android/dx/ssa/SsaInsn;Lcom/android/dx/rop/code/RegisterSpec;)V @ 4
Event: 8.559 Thread 0x00007f714800b000 Uncommon trap: reason=unreached action=reinterpret pc=0x00007f7144685964 method=com.android.dx.rop.code.LocalItem.compareHandlesNulls(Lcom/android/dx/rop/cst/CstString;Lcom/android/dx/rop/cst/CstString;)I @ 14
Event: 9.460 Thread 0x00007f7148222800 Uncommon trap: reason=null_check action=make_not_entrant pc=0x00007f714464f110 method=com.android.dx.rop.type.Type.equals(Ljava/lang/Object;)Z @ 8
Event: 9.598 Thread 0x00007f7148226800 Uncommon trap: reason=null_check action=make_not_entrant pc=0x00007f714467f464 method=com.android.dx.ssa.SsaRenamer.getLocalForNewReg(I)Lcom/android/dx/rop/code/LocalItem; @ 19

Internal exceptions (10 events):
Event: 5.057 Thread 0x00007f7148226800 Threw 0x00000000eae68df8 at /build/buildd/openjdk-7-7u79-2.5.5/build/openjdk/hotspot/src/share/vm/prims/jvm.cpp:1284
Event: 5.682 Thread 0x00007f714800b000 Threw 0x00000000eb5291e8 at /build/buildd/openjdk-7-7u79-2.5.5/build/openjdk/hotspot/src/share/vm/prims/jvm.cpp:1284
Event: 8.257 Thread 0x00007f714821f800 Threw 0x00000000eb3e53a8 at /build/buildd/openjdk-7-7u79-2.5.5/build/openjdk/hotspot/src/share/vm/prims/jvm.cpp:1284
Event: 8.393 Thread 0x00007f714800b000 Threw 0x00000000eb67df38 at /build/buildd/openjdk-7-7u79-2.5.5/build/openjdk/hotspot/src/share/vm/prims/jvm.cpp:1284
Event: 8.541 Thread 0x00007f714800b000 Threw 0x00000000eb9765a8 at /build/buildd/openjdk-7-7u79-2.5.5/build/openjdk/hotspot/src/share/vm/prims/jvm.cpp:1284
Event: 8.559 Thread 0x00007f714800b000 Implicit null exception at 0x00007f714468583c to 0x00007f7144685951
Event: 9.460 Thread 0x00007f7148222800 Implicit null exception at 0x00007f714464f012 to 0x00007f714464f103
Event: 9.598 Thread 0x00007f7148226800 Implicit null exception at 0x00007f714467daa4 to 0x00007f714467f431
Event: 10.167 Thread 0x00007f714800b000 Threw 0x00000000ebb94ae0 at /build/buildd/openjdk-7-7u79-2.5.5/build/openjdk/hotspot/src/share/vm/prims/jvm.cpp:1284
Event: 11.033 Thread 0x00007f714800b000 Threw 0x00000000ecc43498 at /build/buildd/openjdk-7-7u79-2.5.5/build/openjdk/hotspot/src/share/vm/prims/jvm.cpp:1284

Events (10 events):
Event: 9.598 Thread 0x00007f7148226800 Uncommon trap: trap_request=0xfffffff4 fr.pc=0x00007f714467f464
Event: 9.598 Thread 0x00007f7148226800 DEOPT PACKING pc=0x00007f714467f464 sp=0x00007f7125708170
Event: 9.598 Thread 0x00007f7148226800 DEOPT UNPACKING pc=0x00007f71445f4045 sp=0x00007f7125707f08 mode 2
Event: 10.167 loading class 0x00007f71481a64b0
Event: 10.167 loading class 0x00007f71481a64b0 done
Event: 10.680 Thread 0x00007f7148186000 flushing nmethod 0x00007f714464ca90
Event: 10.680 Thread 0x00007f7148186000 flushing nmethod 0x00007f7144651050
Event: 11.033 loading class 0x00007f71481a0970
Event: 11.033 loading class 0x00007f71481a0970 done
Event: 12.459 Executing VM operation: ParallelGCFailedAllocation


Dynamic libraries:
00400000-00401000 r-xp 00000000 08:07 2117443                            /usr/lib/jvm/java-7-openjdk-amd64/jre/bin/java
00600000-00601000 r--p 00000000 08:07 2117443                            /usr/lib/jvm/java-7-openjdk-amd64/jre/bin/java
00601000-00602000 rw-p 00001000 08:07 2117443                            /usr/lib/jvm/java-7-openjdk-amd64/jre/bin/java
0083d000-0085e000 rw-p 00000000 00:00 0                                  [heap]
b5a00000-b6f00000 rw-p 00000000 00:00 0 
b6f00000-c0000000 rw-p 00000000 00:00 0 
c0000000-c2880000 rw-p 00000000 00:00 0 
c2880000-eaa80000 rw-p 00000000 00:00 0 
eaa80000-efa80000 rw-p 00000000 00:00 0 
f4080000-100000000 rw-p 00000000 00:00 0 
7f7100000000-7f710002f000 rw-p 00000000 00:00 0 
7f710002f000-7f7104000000 ---p 00000000 00:00 0 
7f7108000000-7f7108021000 rw-p 00000000 00:00 0 
7f7108021000-7f710c000000 ---p 00000000 00:00 0 
7f710c000000-7f710c021000 rw-p 00000000 00:00 0 
7f710c021000-7f7110000000 ---p 00000000 00:00 0 
7f7110000000-7f7110021000 rw-p 00000000 00:00 0 
7f7110021000-7f7114000000 ---p 00000000 00:00 0 
7f7114000000-7f7114036000 rw-p 00000000 00:00 0 
7f7114036000-7f7118000000 ---p 00000000 00:00 0 
7f7118000000-7f71191a6000 rw-p 00000000 00:00 0 
7f71191a6000-7f711c000000 ---p 00000000 00:00 0 
7f711c000000-7f711c021000 rw-p 00000000 00:00 0 
7f711c021000-7f7120000000 ---p 00000000 00:00 0 
7f7120000000-7f7120ee9000 rw-p 00000000 00:00 0 
7f7120ee9000-7f7124000000 ---p 00000000 00:00 0 
7f7125609000-7f712560c000 ---p 00000000 00:00 0 
7f712560c000-7f712570a000 rw-p 00000000 00:00 0                          [stack:6985]
7f712570a000-7f712570d000 ---p 00000000 00:00 0 
7f712570d000-7f712580b000 rw-p 00000000 00:00 0                          [stack:6984]
7f712580b000-7f712580e000 ---p 00000000 00:00 0 
7f712580e000-7f712590c000 rw-p 00000000 00:00 0                          [stack:6983]
7f712590c000-7f712590f000 ---p 00000000 00:00 0 
7f712590f000-7f7125a0d000 rw-p 00000000 00:00 0                          [stack:6982]
7f7125a0d000-7f7125a10000 ---p 00000000 00:00 0 
7f7125a10000-7f7125e0f000 rw-p 00000000 00:00 0                          [stack:6981]
7f7125e0f000-7f7125e7b000 r-xp 00000000 08:07 1179829                    /lib/x86_64-linux-gnu/libpcre.so.3.13.1
7f7125e7b000-7f712607a000 ---p 0006c000 08:07 1179829                    /lib/x86_64-linux-gnu/libpcre.so.3.13.1
7f712607a000-7f712607b000 r--p 0006b000 08:07 1179829                    /lib/x86_64-linux-gnu/libpcre.so.3.13.1
7f712607b000-7f712607c000 rw-p 0006c000 08:07 1179829                    /lib/x86_64-linux-gnu/libpcre.so.3.13.1
7f712607c000-7f7126083000 r-xp 00000000 08:07 2097172                    /usr/lib/x86_64-linux-gnu/libffi.so.6.0.4
7f7126083000-7f7126282000 ---p 00007000 08:07 2097172                    /usr/lib/x86_64-linux-gnu/libffi.so.6.0.4
7f7126282000-7f7126283000 r--p 00006000 08:07 2097172                    /usr/lib/x86_64-linux-gnu/libffi.so.6.0.4
7f7126283000-7f7126284000 rw-p 00007000 08:07 2097172                    /usr/lib/x86_64-linux-gnu/libffi.so.6.0.4
7f7126284000-7f712629b000 r-xp 00000000 08:07 1180104                    /lib/x86_64-linux-gnu/libresolv-2.21.so
7f712629b000-7f712649b000 ---p 00017000 08:07 1180104                    /lib/x86_64-linux-gnu/libresolv-2.21.so
7f712649b000-7f712649d000 r--p 00017000 08:07 1180104                    /lib/x86_64-linux-gnu/libresolv-2.21.so
7f712649d000-7f712649e000 rw-p 00019000 08:07 1180104                    /lib/x86_64-linux-gnu/libresolv-2.21.so
7f712649e000-7f71264a0000 rw-p 00000000 00:00 0 
7f71264a0000-7f71264c1000 r-xp 00000000 08:07 1179702                    /lib/x86_64-linux-gnu/libselinux.so.1
7f71264c1000-7f71266c0000 ---p 00021000 08:07 1179702                    /lib/x86_64-linux-gnu/libselinux.so.1
7f71266c0000-7f71266c1000 r--p 00020000 08:07 1179702                    /lib/x86_64-linux-gnu/libselinux.so.1
7f71266c1000-7f71266c2000 rw-p 00021000 08:07 1179702                    /lib/x86_64-linux-gnu/libselinux.so.1
7f71266c2000-7f71266c4000 rw-p 00000000 00:00 0 
7f71266c4000-7f71266c7000 r-xp 00000000 08:07 2116151                    /usr/lib/x86_64-linux-gnu/libgmodule-2.0.so.0.4400.1
7f71266c7000-7f71268c6000 ---p 00003000 08:07 2116151                    /usr/lib/x86_64-linux-gnu/libgmodule-2.0.so.0.4400.1
7f71268c6000-7f71268c7000 r--p 00002000 08:07 2116151                    /usr/lib/x86_64-linux-gnu/libgmodule-2.0.so.0.4400.1
7f71268c7000-7f71268c8000 rw-p 00003000 08:07 2116151                    /usr/lib/x86_64-linux-gnu/libgmodule-2.0.so.0.4400.1
7f71268c8000-7f71269d5000 r-xp 00000000 08:07 1187256                    /lib/x86_64-linux-gnu/libglib-2.0.so.0.4400.1
7f71269d5000-7f7126bd4000 ---p 0010d000 08:07 1187256                    /lib/x86_64-linux-gnu/libglib-2.0.so.0.4400.1
7f7126bd4000-7f7126bd5000 r--p 0010c000 08:07 1187256                    /lib/x86_64-linux-gnu/libglib-2.0.so.0.4400.1
7f7126bd5000-7f7126bd6000 rw-p 0010d000 08:07 1187256                    /lib/x86_64-linux-gnu/libglib-2.0.so.0.4400.1
7f7126bd6000-7f7126bd7000 rw-p 00000000 00:00 0 
7f7126bd7000-7f7126c27000 r-xp 00000000 08:07 2116149                    /usr/lib/x86_64-linux-gnu/libgobject-2.0.so.0.4400.1
7f7126c27000-7f7126e27000 ---p 00050000 08:07 2116149                    /usr/lib/x86_64-linux-gnu/libgobject-2.0.so.0.4400.1
7f7126e27000-7f7126e28000 r--p 00050000 08:07 2116149                    /usr/lib/x86_64-linux-gnu/libgobject-2.0.so.0.4400.1
7f7126e28000-7f7126e29000 rw-p 00051000 08:07 2116149                    /usr/lib/x86_64-linux-gnu/libgobject-2.0.so.0.4400.1
7f7126e29000-7f7126fa1000 r-xp 00000000 08:07 2116150                    /usr/lib/x86_64-linux-gnu/libgio-2.0.so.0.4400.1
7f7126fa1000-7f71271a1000 ---p 00178000 08:07 2116150                    /usr/lib/x86_64-linux-gnu/libgio-2.0.so.0.4400.1
7f71271a1000-7f71271a5000 r--p 00178000 08:07 2116150                    /usr/lib/x86_64-linux-gnu/libgio-2.0.so.0.4400.1
7f71271a5000-7f71271a7000 rw-p 0017c000 08:07 2116150                    /usr/lib/x86_64-linux-gnu/libgio-2.0.so.0.4400.1
7f71271a7000-7f71271a9000 rw-p 00000000 00:00 0 
7f71271a9000-7f71271c0000 r-xp 00000000 08:07 2117415                    /usr/lib/jvm/java-7-openjdk-amd64/jre/lib/amd64/libnet.so
7f71271c0000-7f71273bf000 ---p 00017000 08:07 2117415                    /usr/lib/jvm/java-7-openjdk-amd64/jre/lib/amd64/libnet.so
7f71273bf000-7f71273c0000 r--p 00016000 08:07 2117415                    /usr/lib/jvm/java-7-openjdk-amd64/jre/lib/amd64/libnet.so
7f71273c0000-7f71273c1000 rw-p 00017000 08:07 2117415                    /usr/lib/jvm/java-7-openjdk-amd64/jre/lib/amd64/libnet.so
7f71273c1000-7f71273d2000 r-xp 00000000 08:07 2117403                    /usr/lib/jvm/java-7-openjdk-amd64/jre/lib/amd64/libnio.so
7f71273d2000-7f71275d1000 ---p 00011000 08:07 2117403                    /usr/lib/jvm/java-7-openjdk-amd64/jre/lib/amd64/libnio.so
7f71275d1000-7f71275d2000 r--p 00010000 08:07 2117403                    /usr/lib/jvm/java-7-openjdk-amd64/jre/lib/amd64/libnio.so
7f71275d2000-7f71275d3000 rw-p 00011000 08:07 2117403                    /usr/lib/jvm/java-7-openjdk-amd64/jre/lib/amd64/libnio.so
7f71275d3000-7f71275d4000 ---p 00000000 00:00 0 
7f71275d4000-7f71276d4000 rw-p 00000000 00:00 0                          [stack:6980]
7f71276d4000-7f71276d7000 ---p 00000000 00:00 0 
7f71276d7000-7f71277d5000 rw-p 00000000 00:00 0                          [stack:6979]
7f71277d5000-7f71277d8000 ---p 00000000 00:00 0 
7f71277d8000-7f71278d6000 rw-p 00000000 00:00 0                          [stack:6978]
7f71278d6000-7f71278d9000 ---p 00000000 00:00 0 
7f71278d9000-7f71279d7000 rw-p 00000000 00:00 0                          [stack:6977]
7f71279d7000-7f71279dc000 r-xp 00000000 08:07 2104039                    /usr/lib/x86_64-linux-gnu/libXdmcp.so.6.0.0
7f71279dc000-7f7127bdb000 ---p 00005000 08:07 2104039                    /usr/lib/x86_64-linux-gnu/libXdmcp.so.6.0.0
7f7127bdb000-7f7127bdc000 r--p 00004000 08:07 2104039                    /usr/lib/x86_64-linux-gnu/libXdmcp.so.6.0.0
7f7127bdc000-7f7127bdd000 rw-p 00005000 08:07 2104039                    /usr/lib/x86_64-linux-gnu/libXdmcp.so.6.0.0
7f7127bdd000-7f7127bdf000 r-xp 00000000 08:07 2105884                    /usr/lib/x86_64-linux-gnu/libXau.so.6.0.0
7f7127bdf000-7f7127ddf000 ---p 00002000 08:07 2105884                    /usr/lib/x86_64-linux-gnu/libXau.so.6.0.0
7f7127ddf000-7f7127de0000 r--p 00002000 08:07 2105884                    /usr/lib/x86_64-linux-gnu/libXau.so.6.0.0
7f7127de0000-7f7127de1000 rw-p 00003000 08:07 2105884                    /usr/lib/x86_64-linux-gnu/libXau.so.6.0.0
7f7127de1000-7f7127dfe000 r-xp 00000000 08:07 2107060                    /usr/lib/x86_64-linux-gnu/libxcb.so.1.1.0
7f7127dfe000-7f7127ffe000 ---p 0001d000 08:07 2107060                    /usr/lib/x86_64-linux-gnu/libxcb.so.1.1.0
7f7127ffe000-7f7127fff000 r--p 0001d000 08:07 2107060                    /usr/lib/x86_64-linux-gnu/libxcb.so.1.1.0
7f7127fff000-7f7128000000 rw-p 0001e000 08:07 2107060                    /usr/lib/x86_64-linux-gnu/libxcb.so.1.1.0
7f7128000000-7f7128021000 rw-p 00000000 00:00 0 
7f7128021000-7f712c000000 ---p 00000000 00:00 0 
7f712c000000-7f712c021000 rw-p 00000000 00:00 0 
7f712c021000-7f7130000000 ---p 00000000 00:00 0 
7f7130000000-7f7130260000 rw-p 00000000 00:00 0 
7f7130260000-7f7134000000 ---p 00000000 00:00 0 
7f7134000000-7f7134021000 rw-p 00000000 00:00 0 
7f7134021000-7f7138000000 ---p 00000000 00:00 0 
7f7138000000-7f7138021000 rw-p 00000000 00:00 0 
7f7138021000-7f713c000000 ---p 00000000 00:00 0 
7f713c040000-7f713c173000 r-xp 00000000 08:07 2097527                    /usr/lib/x86_64-linux-gnu/libX11.so.6.3.0
7f713c173000-7f713c373000 ---p 00133000 08:07 2097527                    /usr/lib/x86_64-linux-gnu/libX11.so.6.3.0
7f713c373000-7f713c374000 r--p 00133000 08:07 2097527                    /usr/lib/x86_64-linux-gnu/libX11.so.6.3.0
7f713c374000-7f713c378000 rw-p 00134000 08:07 2097527                    /usr/lib/x86_64-linux-gnu/libX11.so.6.3.0
7f713c378000-7f713c379000 rw-p 00000000 00:00 0 
7f713c379000-7f713c37b000 r-xp 00000000 08:07 2097841                    /usr/lib/jayatana/libjayatanaag.so
7f713c37b000-7f713c57a000 ---p 00002000 08:07 2097841                    /usr/lib/jayatana/libjayatanaag.so
7f713c57a000-7f713c57b000 r--p 00001000 08:07 2097841                    /usr/lib/jayatana/libjayatanaag.so
7f713c57b000-7f713c57c000 rw-p 00002000 08:07 2097841                    /usr/lib/jayatana/libjayatanaag.so
7f713c57c000-7f713c57f000 ---p 00000000 00:00 0 
7f713c57f000-7f713c67d000 rw-p 00000000 00:00 0                          [stack:6976]
7f713c67d000-7f713ca77000 r--p 00000000 08:07 2098435                    /usr/lib/locale/locale-archive
7f713ca77000-7f713ca7a000 ---p 00000000 00:00 0 
7f713ca7a000-7f713cb78000 rw-p 00000000 00:00 0                          [stack:6975]
7f713cb78000-7f713cb7b000 ---p 00000000 00:00 0 
7f713cb7b000-7f713cc79000 rw-p 00000000 00:00 0                          [stack:6974]
7f713cc79000-7f713cc7a000 ---p 00000000 00:00 0 
7f713cc7a000-7f713d6cc000 rw-p 00000000 00:00 0                          [stack:6973]
7f713d6cc000-7f713d87d000 r--s 01d27000 08:07 2117358                    /usr/lib/jvm/java-7-openjdk-amd64/jre/lib/rt.jar
7f713d87d000-7f7140000000 rw-p 00000000 00:00 0 
7f7140000000-7f7140021000 rw-p 00000000 00:00 0 
7f7140021000-7f7144000000 ---p 00000000 00:00 0 
7f7144041000-7f7144112000 rw-p 00000000 00:00 0 
7f7144112000-7f7144113000 ---p 00000000 00:00 0 
7f7144113000-7f7144213000 rw-p 00000000 00:00 0                          [stack:6972]
7f7144213000-7f7144214000 ---p 00000000 00:00 0 
7f7144214000-7f714431f000 rw-p 00000000 00:00 0                          [stack:6971]
7f714431f000-7f7144367000 rw-p 00000000 00:00 0 
7f7144367000-7f7144372000 rw-p 00000000 00:00 0 
7f7144372000-7f71443ba000 rw-p 00000000 00:00 0 
7f71443ba000-7f71443cf000 rw-p 00000000 00:00 0 
7f71443cf000-7f714450f000 rw-p 00000000 00:00 0 
7f714450f000-7f7144538000 rw-p 00000000 00:00 0 
7f7144538000-7f71445ba000 rw-p 00000000 00:00 0 
7f71445ba000-7f71445bb000 rw-p 00000000 00:00 0 
7f71445bb000-7f714482b000 rwxp 00000000 00:00 0 
7f714482b000-7f71475bb000 rw-p 00000000 00:00 0 
7f71475bb000-7f71475c3000 r-xp 00000000 08:07 2117402                    /usr/lib/jvm/java-7-openjdk-amd64/jre/lib/amd64/libzip.so
7f71475c3000-7f71477c2000 ---p 00008000 08:07 2117402                    /usr/lib/jvm/java-7-openjdk-amd64/jre/lib/amd64/libzip.so
7f71477c2000-7f71477c3000 r--p 00007000 08:07 2117402                    /usr/lib/jvm/java-7-openjdk-amd64/jre/lib/amd64/libzip.so
7f71477c3000-7f71477c4000 rw-p 00008000 08:07 2117402                    /usr/lib/jvm/java-7-openjdk-amd64/jre/lib/amd64/libzip.so
7f71477c4000-7f71477d0000 r-xp 00000000 08:07 1180105                    /lib/x86_64-linux-gnu/libnss_files-2.21.so
7f71477d0000-7f71479cf000 ---p 0000c000 08:07 1180105                    /lib/x86_64-linux-gnu/libnss_files-2.21.so
7f71479cf000-7f71479d0000 r--p 0000b000 08:07 1180105                    /lib/x86_64-linux-gnu/libnss_files-2.21.so
7f71479d0000-7f71479d1000 rw-p 0000c000 08:07 1180105                    /lib/x86_64-linux-gnu/libnss_files-2.21.so
7f71479d1000-7f71479dc000 r-xp 00000000 08:07 1180093                    /lib/x86_64-linux-gnu/libnss_nis-2.21.so
7f71479dc000-7f7147bdb000 ---p 0000b000 08:07 1180093                    /lib/x86_64-linux-gnu/libnss_nis-2.21.so
7f7147bdb000-7f7147bdc000 r--p 0000a000 08:07 1180093                    /lib/x86_64-linux-gnu/libnss_nis-2.21.so
7f7147bdc000-7f7147bdd000 rw-p 0000b000 08:07 1180093                    /lib/x86_64-linux-gnu/libnss_nis-2.21.so
7f7147bdd000-7f7147bf4000 r-xp 00000000 08:07 1180111                    /lib/x86_64-linux-gnu/libnsl-2.21.so
7f7147bf4000-7f7147df3000 ---p 00017000 08:07 1180111                    /lib/x86_64-linux-gnu/libnsl-2.21.so
7f7147df3000-7f7147df4000 r--p 00016000 08:07 1180111                    /lib/x86_64-linux-gnu/libnsl-2.21.so
7f7147df4000-7f7147df5000 rw-p 00017000 08:07 1180111                    /lib/x86_64-linux-gnu/libnsl-2.21.so
7f7147df5000-7f7147df7000 rw-p 00000000 00:00 0 
7f7147df7000-7f7147dff000 r-xp 00000000 08:07 1180107                    /lib/x86_64-linux-gnu/libnss_compat-2.21.so
7f7147dff000-7f7147ffe000 ---p 00008000 08:07 1180107                    /lib/x86_64-linux-gnu/libnss_compat-2.21.so
7f7147ffe000-7f7147fff000 r--p 00007000 08:07 1180107                    /lib/x86_64-linux-gnu/libnss_compat-2.21.so
7f7147fff000-7f7148000000 rw-p 00008000 08:07 1180107                    /lib/x86_64-linux-gnu/libnss_compat-2.21.so
7f7148000000-7f7148254000 rw-p 00000000 00:00 0 
7f7148254000-7f714c000000 ---p 00000000 00:00 0 
7f714c01d000-7f714c02f000 r--s 000c6000 08:07 264370                     /home/alexli/AndroidStudioProjects/CourtCounter/app/build/intermediates/exploded-aar/com.android.support/support-v4/22.2.0/jars/classes.jar
7f714c02f000-7f714c03e000 r--s 000df000 08:07 5376629                    /home/alexli/Android/Sdk/build-tools/23.0.0-preview/lib/dx.jar
7f714c03e000-7f714c053000 rw-p 00000000 00:00 0 
7f714c053000-7f714c194000 rw-p 00000000 00:00 0 
7f714c194000-7f714c19e000 r-xp 00000000 08:07 2117385                    /usr/lib/jvm/java-7-openjdk-amd64/jre/lib/amd64/libinstrument.so
7f714c19e000-7f714c39d000 ---p 0000a000 08:07 2117385                    /usr/lib/jvm/java-7-openjdk-amd64/jre/lib/amd64/libinstrument.so
7f714c39d000-7f714c39e000 r--p 00009000 08:07 2117385                    /usr/lib/jvm/java-7-openjdk-amd64/jre/lib/amd64/libinstrument.so
7f714c39e000-7f714c39f000 rw-p 0000a000 08:07 2117385                    /usr/lib/jvm/java-7-openjdk-amd64/jre/lib/amd64/libinstrument.so
7f714c39f000-7f714c3cc000 r-xp 00000000 08:07 2117413                    /usr/lib/jvm/java-7-openjdk-amd64/jre/lib/amd64/libjava.so
7f714c3cc000-7f714c5cb000 ---p 0002d000 08:07 2117413                    /usr/lib/jvm/java-7-openjdk-amd64/jre/lib/amd64/libjava.so
7f714c5cb000-7f714c5cc000 r--p 0002c000 08:07 2117413                    /usr/lib/jvm/java-7-openjdk-amd64/jre/lib/amd64/libjava.so
7f714c5cc000-7f714c5ce000 rw-p 0002d000 08:07 2117413                    /usr/lib/jvm/java-7-openjdk-amd64/jre/lib/amd64/libjava.so
7f714c5ce000-7f714c5dd000 r-xp 00000000 08:07 2117405                    /usr/lib/jvm/java-7-openjdk-amd64/jre/lib/amd64/libverify.so
7f714c5dd000-7f714c7dc000 ---p 0000f000 08:07 2117405                    /usr/lib/jvm/java-7-openjdk-amd64/jre/lib/amd64/libverify.so
7f714c7dc000-7f714c7df000 r--p 0000e000 08:07 2117405                    /usr/lib/jvm/java-7-openjdk-amd64/jre/lib/amd64/libverify.so
7f714c7df000-7f714c7e0000 rw-p 00011000 08:07 2117405                    /usr/lib/jvm/java-7-openjdk-amd64/jre/lib/amd64/libverify.so
7f714c7e0000-7f714c7e7000 r-xp 00000000 08:07 1180112                    /lib/x86_64-linux-gnu/librt-2.21.so
7f714c7e7000-7f714c9e6000 ---p 00007000 08:07 1180112                    /lib/x86_64-linux-gnu/librt-2.21.so
7f714c9e6000-7f714c9e7000 r--p 00006000 08:07 1180112                    /lib/x86_64-linux-gnu/librt-2.21.so
7f714c9e7000-7f714c9e8000 rw-p 00007000 08:07 1180112                    /lib/x86_64-linux-gnu/librt-2.21.so
7f714c9e8000-7f714c9fe000 r-xp 00000000 08:07 1179827                    /lib/x86_64-linux-gnu/libgcc_s.so.1
7f714c9fe000-7f714cbfd000 ---p 00016000 08:07 1179827                    /lib/x86_64-linux-gnu/libgcc_s.so.1
7f714cbfd000-7f714cbfe000 rw-p 00015000 08:07 1179827                    /lib/x86_64-linux-gnu/libgcc_s.so.1
7f714cbfe000-7f714cd05000 r-xp 00000000 08:07 1180110                    /lib/x86_64-linux-gnu/libm-2.21.so
7f714cd05000-7f714cf04000 ---p 00107000 08:07 1180110                    /lib/x86_64-linux-gnu/libm-2.21.so
7f714cf04000-7f714cf05000 r--p 00106000 08:07 1180110                    /lib/x86_64-linux-gnu/libm-2.21.so
7f714cf05000-7f714cf06000 rw-p 00107000 08:07 1180110                    /lib/x86_64-linux-gnu/libm-2.21.so
7f714cf06000-7f714cff6000 r-xp 00000000 08:07 2097239                    /usr/lib/x86_64-linux-gnu/libstdc++.so.6.0.20
7f714cff6000-7f714d1f6000 ---p 000f0000 08:07 2097239                    /usr/lib/x86_64-linux-gnu/libstdc++.so.6.0.20
7f714d1f6000-7f714d1fe000 r--p 000f0000 08:07 2097239                    /usr/lib/x86_64-linux-gnu/libstdc++.so.6.0.20
7f714d1fe000-7f714d200000 rw-p 000f8000 08:07 2097239                    /usr/lib/x86_64-linux-gnu/libstdc++.so.6.0.20
7f714d200000-7f714d215000 rw-p 00000000 00:00 0 
7f714d215000-7f714dd6c000 r-xp 00000000 08:07 2117390                    /usr/lib/jvm/java-7-openjdk-amd64/jre/lib/amd64/server/libjvm.so
7f714dd6c000-7f714df6b000 ---p 00b57000 08:07 2117390                    /usr/lib/jvm/java-7-openjdk-amd64/jre/lib/amd64/server/libjvm.so
7f714df6b000-7f714e00a000 r--p 00b56000 08:07 2117390                    /usr/lib/jvm/java-7-openjdk-amd64/jre/lib/amd64/server/libjvm.so
7f714e00a000-7f714e02d000 rw-p 00bf5000 08:07 2117390                    /usr/lib/jvm/java-7-openjdk-amd64/jre/lib/amd64/server/libjvm.so
7f714e02d000-7f714e05a000 rw-p 00000000 00:00 0 
7f714e05a000-7f714e073000 r-xp 00000000 08:07 1179816                    /lib/x86_64-linux-gnu/libz.so.1.2.8
7f714e073000-7f714e273000 ---p 00019000 08:07 1179816                    /lib/x86_64-linux-gnu/libz.so.1.2.8
7f714e273000-7f714e274000 r--p 00019000 08:07 1179816                    /lib/x86_64-linux-gnu/libz.so.1.2.8
7f714e274000-7f714e275000 rw-p 0001a000 08:07 1179816                    /lib/x86_64-linux-gnu/libz.so.1.2.8
7f714e275000-7f714e28d000 r-xp 00000000 08:07 1180102                    /lib/x86_64-linux-gnu/libpthread-2.21.so
7f714e28d000-7f714e48d000 ---p 00018000 08:07 1180102                    /lib/x86_64-linux-gnu/libpthread-2.21.so
7f714e48d000-7f714e48e000 r--p 00018000 08:07 1180102                    /lib/x86_64-linux-gnu/libpthread-2.21.so
7f714e48e000-7f714e48f000 rw-p 00019000 08:07 1180102                    /lib/x86_64-linux-gnu/libpthread-2.21.so
7f714e48f000-7f714e493000 rw-p 00000000 00:00 0 
7f714e493000-7f714e496000 r-xp 00000000 08:07 1180098                    /lib/x86_64-linux-gnu/libdl-2.21.so
7f714e496000-7f714e695000 ---p 00003000 08:07 1180098                    /lib/x86_64-linux-gnu/libdl-2.21.so
7f714e695000-7f714e696000 r--p 00002000 08:07 1180098                    /lib/x86_64-linux-gnu/libdl-2.21.so
7f714e696000-7f714e697000 rw-p 00003000 08:07 1180098                    /lib/x86_64-linux-gnu/libdl-2.21.so
7f714e697000-7f714e857000 r-xp 00000000 08:07 1180115                    /lib/x86_64-linux-gnu/libc-2.21.so
7f714e857000-7f714ea57000 ---p 001c0000 08:07 1180115                    /lib/x86_64-linux-gnu/libc-2.21.so
7f714ea57000-7f714ea5b000 r--p 001c0000 08:07 1180115                    /lib/x86_64-linux-gnu/libc-2.21.so
7f714ea5b000-7f714ea5d000 rw-p 001c4000 08:07 1180115                    /lib/x86_64-linux-gnu/libc-2.21.so
7f714ea5d000-7f714ea61000 rw-p 00000000 00:00 0 
7f714ea61000-7f714ea6e000 r-xp 00000000 08:07 2117410                    /usr/lib/jvm/java-7-openjdk-amd64/jre/lib/amd64/jli/libjli.so
7f714ea6e000-7f714ec6d000 ---p 0000d000 08:07 2117410                    /usr/lib/jvm/java-7-openjdk-amd64/jre/lib/amd64/jli/libjli.so
7f714ec6d000-7f714ec6e000 r--p 0000c000 08:07 2117410                    /usr/lib/jvm/java-7-openjdk-amd64/jre/lib/amd64/jli/libjli.so
7f714ec6e000-7f714ec6f000 rw-p 0000d000 08:07 2117410                    /usr/lib/jvm/java-7-openjdk-amd64/jre/lib/amd64/jli/libjli.so
7f714ec6f000-7f714ec93000 r-xp 00000000 08:07 1180101                    /lib/x86_64-linux-gnu/ld-2.21.so
7f714ec93000-7f714ec94000 rw-p 00000000 00:00 0 
7f714ec94000-7f714ec95000 r--s 00000000 08:07 2494664                    /usr/share/java/jayatanaag.jar
7f714ec95000-7f714ec97000 r--s 00006000 08:07 2500317                    /usr/share/java/java-atk-wrapper.jar
7f714ec97000-7f714ec9b000 r--s 00034000 08:07 2117429                    /usr/lib/jvm/java-7-openjdk-amd64/jre/lib/ext/sunjce_provider.jar
7f714ec9b000-7f714ec9e000 r--s 0000f000 08:07 2117427                    /usr/lib/jvm/java-7-openjdk-amd64/jre/lib/ext/icedtea-sound.jar
7f714ec9e000-7f714ec9f000 r--s 00002000 08:07 2117431                    /usr/lib/jvm/java-7-openjdk-amd64/jre/lib/ext/dnsns.jar
7f714ec9f000-7f714eca2000 r--s 00086000 08:07 2117432                    /usr/lib/jvm/java-7-openjdk-amd64/jre/lib/ext/localedata.jar
7f714eca2000-7f714ecac000 rw-p 00000000 00:00 0 
7f714ecac000-7f714ed62000 rw-p 00000000 00:00 0 
7f714ed62000-7f714ed65000 ---p 00000000 00:00 0 
7f714ed65000-7f714ee68000 rw-p 00000000 00:00 0                          [stack:6969]
7f714ee68000-7f714ee6c000 r--s 0003c000 08:07 2117430                    /usr/lib/jvm/java-7-openjdk-amd64/jre/lib/ext/sunpkcs11.jar
7f714ee6c000-7f714ee6e000 r--s 00012000 08:07 2117428                    /usr/lib/jvm/java-7-openjdk-amd64/jre/lib/ext/zipfs.jar
7f714ee6e000-7f714ee86000 rw-p 00000000 00:00 0 
7f714ee86000-7f714ee8e000 rw-s 00000000 08:07 4202768                    /tmp/hsperfdata_alexli/6965
7f714ee8e000-7f714ee8f000 rw-p 00000000 00:00 0 
7f714ee8f000-7f714ee90000 ---p 00000000 00:00 0 
7f714ee90000-7f714ee92000 rw-p 00000000 00:00 0 
7f714ee92000-7f714ee93000 r--p 00023000 08:07 1180101                    /lib/x86_64-linux-gnu/ld-2.21.so
7f714ee93000-7f714ee94000 rw-p 00024000 08:07 1180101                    /lib/x86_64-linux-gnu/ld-2.21.so
7f714ee94000-7f714ee95000 rw-p 00000000 00:00 0 
7ffd78a5d000-7ffd78a7f000 rw-p 00000000 00:00 0                          [stack]
7ffd78adf000-7ffd78ae1000 r--p 00000000 00:00 0                          [vvar]
7ffd78ae1000-7ffd78ae3000 r-xp 00000000 00:00 0                          [vdso]
ffffffffff600000-ffffffffff601000 r-xp 00000000 00:00 0                  [vsyscall]

VM Arguments:
jvm_args: -javaagent:/usr/share/java/jayatanaag.jar -Xmx1024M -Dfile.encoding=UTF-8 -Duser.country=US -Duser.language=en -Duser.variant 
java_command: com.android.dx.command.Main --dex --num-threads=4 --output /home/alexli/AndroidStudioProjects/CourtCounter/app/build/intermediates/pre-dexed/debug/classes-8ca5809eef4ae4ae984a58dfa31dc7a3868a3111.jar /home/alexli/AndroidStudioProjects/CourtCounter/app/build/intermediates/exploded-aar/com.android.support/support-v4/22.2.0/jars/classes.jar
Launcher Type: SUN_STANDARD

Environment Variables:
JAVA_HOME=/usr/lib/jvm/java-8-oracle
JAVA_TOOL_OPTIONS=-javaagent:/usr/share/java/jayatanaag.jar 
PATH=/home/alexli/Android/sdk/platform-tools:/home/alexli/Android/sdk/tools:/home/alexli/Android/sdk/platform-tools:/home/alexli/Android/sdk/tools:/usr/local/sbin:/usr/local/bin:/usr/sbin:/usr/bin:/sbin:/bin:/usr/games:/usr/local/games
LD_LIBRARY_PATH=/home/alexli/Desktop/android-studio/bin:
SHELL=/bin/bash
DISPLAY=:0

Signal Handlers:
SIGSEGV: [libjvm.so+0x98abe0], sa_mask[0]=0x7ffbfeff, sa_flags=0x10000004
SIGBUS: [libjvm.so+0x98abe0], sa_mask[0]=0x7ffbfeff, sa_flags=0x10000004
SIGFPE: [libjvm.so+0x7f8a60], sa_mask[0]=0x7ffbfeff, sa_flags=0x10000004
SIGPIPE: [libjvm.so+0x7f8a60], sa_mask[0]=0x7ffbfeff, sa_flags=0x10000004
SIGXFSZ: [libjvm.so+0x7f8a60], sa_mask[0]=0x7ffbfeff, sa_flags=0x10000004
SIGILL: [libjvm.so+0x7f8a60], sa_mask[0]=0x7ffbfeff, sa_flags=0x10000004
SIGUSR1: SIG_DFL, sa_mask[0]=0x00000000, sa_flags=0x00000000
SIGUSR2: [libjvm.so+0x7f88e0], sa_mask[0]=0x00000004, sa_flags=0x10000004
SIGHUP: [libjvm.so+0x7f8ae0], sa_mask[0]=0x7ffbfeff, sa_flags=0x10000004
SIGINT: [libjvm.so+0x7f8ae0], sa_mask[0]=0x7ffbfeff, sa_flags=0x10000004
SIGTERM: [libjvm.so+0x7f8ae0], sa_mask[0]=0x7ffbfeff, sa_flags=0x10000004
SIGQUIT: [libjvm.so+0x7f8ae0], sa_mask[0]=0x7ffbfeff, sa_flags=0x10000004
SIGTRAP: SIG_DFL, sa_mask[0]=0x00000000, sa_flags=0x00000000


---------------  S Y S T E M  ---------------

OS:Ubuntu 15.04 (vivid)
uname:Linux 4.0.6-040006-generic #201506222135 SMP Tue Jun 23 01:36:38 UTC 2015 x86_64
libc:glibc 2.21 NPTL 2.21 
rlimit: STACK 8192k, CORE 0k, NPROC 15445, NOFILE 65536, AS infinity
load average:5.49 2.19 1.38

/proc/meminfo:
MemTotal:        3986128 kB
MemFree:          106728 kB
MemAvailable:      65032 kB
Buffers:            1436 kB
Cached:           319892 kB
SwapCached:            0 kB
Active:          3419212 kB
Inactive:         281152 kB
Active(anon):    3392436 kB
Inactive(anon):   257768 kB
Active(file):      26776 kB
Inactive(file):    23384 kB
Unevictable:         600 kB
Mlocked:             600 kB
SwapTotal:             0 kB
SwapFree:              0 kB
Dirty:                44 kB
Writeback:             0 kB
AnonPages:       3379952 kB
Mapped:           148464 kB
Shmem:            270896 kB
Slab:              69120 kB
SReclaimable:      35372 kB
SUnreclaim:        33748 kB
KernelStack:       10528 kB
PageTables:        53576 kB
NFS_Unstable:          0 kB
Bounce:                0 kB
WritebackTmp:          0 kB
CommitLimit:     1993064 kB
Committed_AS:    8977152 kB
VmallocTotal:   34359738367 kB
VmallocUsed:      354308 kB
VmallocChunk:   34359333876 kB
HardwareCorrupted:     0 kB
AnonHugePages:    430080 kB
CmaTotal:              0 kB
CmaFree:               0 kB
HugePages_Total:       0
HugePages_Free:        0
HugePages_Rsvd:        0
HugePages_Surp:        0
Hugepagesize:       2048 kB
DirectMap4k:      184808 kB
DirectMap2M:     3948544 kB
DirectMap1G:           0 kB


CPU:total 2 (2 cores per cpu, 1 threads per core) family 6 model 69 stepping 1, cmov, cx8, fxsr, mmx, sse, sse2, sse3, ssse3, sse4.1, sse4.2, popcnt, erms, tsc, tscinvbit

/proc/cpuinfo:
processor	: 0
vendor_id	: GenuineIntel
cpu family	: 6
model		: 69
model name	: Intel(R) Celeron(R) 2955U @ 1.40GHz
stepping	: 1
microcode	: 0x1c
cpu MHz		: 1399.945
cache size	: 2048 KB
physical id	: 0
siblings	: 2
core id		: 0
cpu cores	: 2
apicid		: 0
initial apicid	: 0
fpu		: yes
fpu_exception	: yes
cpuid level	: 13
wp		: yes
flags		: fpu vme de pse tsc msr pae mce cx8 apic sep mtrr pge mca cmov pat pse36 clflush dts acpi mmx fxsr sse sse2 ss ht tm pbe syscall nx pdpe1gb rdtscp lm constant_tsc arch_perfmon pebs bts rep_good nopl xtopology nonstop_tsc aperfmperf eagerfpu pni pclmulqdq dtes64 monitor ds_cpl vmx est tm2 ssse3 cx16 xtpr pdcm pcid sse4_1 sse4_2 movbe popcnt tsc_deadline_timer xsave rdrand lahf_lm abm arat epb pln pts dtherm tpr_shadow vnmi flexpriority ept vpid fsgsbase tsc_adjust erms invpcid xsaveopt
bugs		:
bogomips	: 2793.60
clflush size	: 64
cache_alignment	: 64
address sizes	: 39 bits physical, 48 bits virtual
power management:

processor	: 1
vendor_id	: GenuineIntel
cpu family	: 6
model		: 69
model name	: Intel(R) Celeron(R) 2955U @ 1.40GHz
stepping	: 1
microcode	: 0x1c
cpu MHz		: 1400.000
cache size	: 2048 KB
physical id	: 0
siblings	: 2
core id		: 1
cpu cores	: 2
apicid		: 2
initial apicid	: 2
fpu		: yes
fpu_exception	: yes
cpuid level	: 13
wp		: yes
flags		: fpu vme de pse tsc msr pae mce cx8 apic sep mtrr pge mca cmov pat pse36 clflush dts acpi mmx fxsr sse sse2 ss ht tm pbe syscall nx pdpe1gb rdtscp lm constant_tsc arch_perfmon pebs bts rep_good nopl xtopology nonstop_tsc aperfmperf eagerfpu pni pclmulqdq dtes64 monitor ds_cpl vmx est tm2 ssse3 cx16 xtpr pdcm pcid sse4_1 sse4_2 movbe popcnt tsc_deadline_timer xsave rdrand lahf_lm abm arat epb pln pts dtherm tpr_shadow vnmi flexpriority ept vpid fsgsbase tsc_adjust erms invpcid xsaveopt
bugs		:
bogomips	: 2793.60
clflush size	: 64
cache_alignment	: 64
address sizes	: 39 bits physical, 48 bits virtual
power management:



Memory: 4k page, physical 3986128k(106728k free), swap 0k(0k free)

vm_info: OpenJDK 64-Bit Server VM (24.79-b02) for linux-amd64 JRE (1.7.0_79-b14), built on Apr 15 2015 21:06:31 by "buildd" with gcc 4.9.2

time: Thu Jul 23 12:53:25 2015
elapsed time: 12 seconds

